#! /usr/bin/vvp
:ivl_version "10.1 (stable)";
:ivl_delay_selection "TYPICAL";
:vpi_time_precision - 10;
:vpi_module "system";
:vpi_module "vhdl_sys";
:vpi_module "v2005_math";
:vpi_module "va_math";
S_0x558c50fa1360 .scope module, "posedge_trig_toggle_TB" "posedge_trig_toggle_TB" 2 2;
 .timescale -9 -10;
v0x558c50fc19a0_0 .var "clk", 0 0;
v0x558c50fc1a70_0 .var "x", 0 0;
v0x558c50fc1b40_0 .net "y", 0 0, v0x558c50fc1880_0;  1 drivers
S_0x558c50fa14e0 .scope module, "trig" "posedge_trig_toggle" 2 7, 3 2 0, S_0x558c50fa1360;
 .timescale -9 -10;
    .port_info 0 /INPUT 1 "x"
    .port_info 1 /INPUT 1 "clk"
    .port_info 2 /OUTPUT 1 "y"
v0x558c50fa1720_0 .net "clk", 0 0, v0x558c50fc19a0_0;  1 drivers
v0x558c50fc17c0_0 .net "x", 0 0, v0x558c50fc1a70_0;  1 drivers
v0x558c50fc1880_0 .var "y", 0 0;
E_0x558c50f9e4c0 .event posedge, v0x558c50fa1720_0;
    .scope S_0x558c50fa14e0;
T_0 ;
    %wait E_0x558c50f9e4c0;
    %load/vec4 v0x558c50fc17c0_0;
    %inv;
    %store/vec4 v0x558c50fc1880_0, 0, 1;
    %jmp T_0;
    .thread T_0;
    .scope S_0x558c50fa1360;
T_1 ;
    %delay 50, 0;
    %load/vec4 v0x558c50fc19a0_0;
    %inv;
    %store/vec4 v0x558c50fc19a0_0, 0, 1;
    %jmp T_1;
    .thread T_1;
    .scope S_0x558c50fa1360;
T_2 ;
    %vpi_call 2 9 "$dumpfile", "dump.vcd" {0 0 0};
    %vpi_call 2 10 "$dumpvars" {0 0 0};
    %pushi/vec4 0, 0, 1;
    %store/vec4 v0x558c50fc19a0_0, 0, 1;
    %pushi/vec4 0, 0, 1;
    %store/vec4 v0x558c50fc1a70_0, 0, 1;
    %delay 400, 0;
    %pushi/vec4 1, 0, 1;
    %store/vec4 v0x558c50fc1a70_0, 0, 1;
    %delay 400, 0;
    %vpi_call 2 16 "$finish" {0 0 0};
    %end;
    .thread T_2;
# The file index is used to find the file name in the following table.
:file_names 4;
    "N/A";
    "<interactive>";
    "t_devcon.v";
    "devcon.v";
