#! /usr/local/iverilog/bin/vvp
:ivl_version "11.0 (devel)" "(s20150603-642-g3bdb50da)";
:ivl_delay_selection "TYPICAL";
:vpi_time_precision - 10;
:vpi_module "system";
:vpi_module "vhdl_sys";
:vpi_module "vhdl_textio";
:vpi_module "v2005_math";
:vpi_module "va_math";
S_00000000010f9a30 .scope module, "t_shift_left_rotate_left" "t_shift_left_rotate_left" 2 3;
 .timescale -9 -10;
v0000000000ffda10_0 .var "control", 0 0;
v0000000000ffdab0_0 .var "data", 7 0;
v0000000000ffdb50_0 .var "select", 2 0;
v0000000000ffdbf0_0 .net "sor", 7 0, v0000000000ffd970_0;  1 drivers
S_00000000010fb1e0 .scope module, "sl_1" "sor_left" 2 11, 3 1 0, S_00000000010f9a30;
 .timescale -9 -10;
    .port_info 0 /INPUT 8 "data";
    .port_info 1 /INPUT 3 "select";
    .port_info 2 /INPUT 1 "control";
    .port_info 3 /OUTPUT 8 "sor";
v00000000010fb370_0 .var "barrel", 7 0;
v00000000010fb410_0 .net "control", 0 0, v0000000000ffda10_0;  1 drivers
v00000000010fb4b0_0 .net "data", 7 0, v0000000000ffdab0_0;  1 drivers
v00000000010fb550_0 .var/i "i", 31 0;
v0000000000ffd830_0 .var/i "j", 31 0;
v0000000000ffd8d0_0 .net "select", 2 0, v0000000000ffdb50_0;  1 drivers
v0000000000ffd970_0 .var "sor", 7 0;
E_00000000010f7580 .event edge, v00000000010fb410_0;
    .scope S_00000000010fb1e0;
T_0 ;
    %wait E_00000000010f7580;
    %load/vec4 v00000000010fb4b0_0;
    %store/vec4 v00000000010fb370_0, 0, 8;
    %pushi/vec4 1, 0, 32;
    %store/vec4 v0000000000ffd830_0, 0, 32;
T_0.0 ;
    %load/vec4 v0000000000ffd830_0;
    %load/vec4 v0000000000ffd8d0_0;
    %pad/u 32;
    %cmp/u;
    %flag_or 5, 4;
    %jmp/0xz T_0.1, 5;
    %pushi/vec4 7, 0, 32;
    %store/vec4 v00000000010fb550_0, 0, 32;
T_0.2 ;
    %load/vec4 v00000000010fb550_0;
    %cmpi/s 0, 0, 32;
    %flag_or 5, 4; GT is !LE
    %flag_inv 5;
    %jmp/0xz T_0.3, 5;
    %load/vec4 v00000000010fb370_0;
    %load/vec4 v00000000010fb550_0;
    %subi 1, 0, 32;
    %part/s 1;
    %ix/load 5, 0, 0;
    %ix/getv/s 4, v00000000010fb550_0;
    %assign/vec4/off/d v00000000010fb370_0, 4, 5;
    %load/vec4 v00000000010fb370_0;
    %parti/s 1, 7, 4;
    %ix/load 4, 0, 0;
    %ix/load 5, 0, 0;
    %flag_set/imm 4, 0;
    %assign/vec4/off/d v00000000010fb370_0, 4, 5;
    %load/vec4 v00000000010fb550_0;
    %subi 1, 0, 32;
    %store/vec4 v00000000010fb550_0, 0, 32;
    %jmp T_0.2;
T_0.3 ;
    %delay 10, 0;
    %load/vec4 v0000000000ffd830_0;
    %addi 1, 0, 32;
    %store/vec4 v0000000000ffd830_0, 0, 32;
    %jmp T_0.0;
T_0.1 ;
    %load/vec4 v00000000010fb410_0;
    %pad/u 32;
    %cmpi/e 0, 0, 32;
    %jmp/0xz  T_0.4, 4;
    %load/vec4 v00000000010fb4b0_0;
    %ix/getv 4, v0000000000ffd8d0_0;
    %shiftl 4;
    %store/vec4 v0000000000ffd970_0, 0, 8;
    %jmp T_0.5;
T_0.4 ;
    %load/vec4 v00000000010fb370_0;
    %store/vec4 v0000000000ffd970_0, 0, 8;
T_0.5 ;
    %jmp T_0;
    .thread T_0, $push;
    .scope S_00000000010f9a30;
T_1 ;
    %vpi_call 2 14 "$dumpfile", "shift_rotate.vcd" {0 0 0};
    %vpi_call 2 15 "$dumpvars" {0 0 0};
    %pushi/vec4 166, 0, 8;
    %store/vec4 v0000000000ffdab0_0, 0, 8;
    %pushi/vec4 6, 0, 3;
    %store/vec4 v0000000000ffdb50_0, 0, 3;
    %pushi/vec4 0, 0, 1;
    %store/vec4 v0000000000ffda10_0, 0, 1;
    %delay 1000, 0;
    %pushi/vec4 1, 0, 1;
    %store/vec4 v0000000000ffda10_0, 0, 1;
    %delay 1000, 0;
    %vpi_call 2 30 "$finish" {0 0 0};
    %end;
    .thread T_1;
# The file index is used to find the file name in the following table.
:file_names 4;
    "N/A";
    "<interactive>";
    "t_shift_left_rotate_left.v";
    "sor_left.v";
