#! /usr/bin/vvp
:ivl_version "10.3 (stable)";
:ivl_delay_selection "TYPICAL";
:vpi_time_precision - 10;
:vpi_module "system";
:vpi_module "vhdl_sys";
:vpi_module "v2005_math";
:vpi_module "va_math";
S_0x55bad0fa6240 .scope module, "watch_tb" "watch_tb" 2 2;
 .timescale -9 -10;
v0x55bad0fdc810_0 .net "Hour1", 3 0, v0x55bad0fa39e0_0;  1 drivers
v0x55bad0fdc8f0_0 .net "Hour2", 3 0, v0x55bad0fa4100_0;  1 drivers
v0x55bad0fdc990_0 .net "Min1", 3 0, v0x55bad0fa4840_0;  1 drivers
v0x55bad0fdca30_0 .net "Min2", 3 0, v0x55bad0fa4fb0_0;  1 drivers
v0x55bad0fdcb00_0 .var "clk", 0 0;
S_0x55bad0f91050 .scope module, "t_watch" "watch" 2 8, 3 4 0, S_0x55bad0fa6240;
 .timescale -9 -10;
    .port_info 0 /INPUT 1 "clk"
    .port_info 1 /OUTPUT 4 "Hour1"
    .port_info 2 /OUTPUT 4 "Hour2"
    .port_info 3 /OUTPUT 4 "Min1"
    .port_info 4 /OUTPUT 4 "Min2"
v0x55bad0fa39e0_0 .var "Hour1", 3 0;
v0x55bad0fa4100_0 .var "Hour2", 3 0;
v0x55bad0fa4840_0 .var "Min1", 3 0;
v0x55bad0fa4fb0_0 .var "Min2", 3 0;
v0x55bad0fdc660_0 .net "clk", 0 0, v0x55bad0fdcb00_0;  1 drivers
E_0x55bad0fc8540 .event posedge, v0x55bad0fdc660_0;
    .scope S_0x55bad0f91050;
T_0 ;
    %wait E_0x55bad0fc8540;
    %pushi/vec4 0, 0, 4;
    %assign/vec4 v0x55bad0fa39e0_0, 0;
    %pushi/vec4 0, 0, 4;
    %assign/vec4 v0x55bad0fa4100_0, 0;
    %pushi/vec4 0, 0, 4;
    %assign/vec4 v0x55bad0fa4840_0, 0;
    %pushi/vec4 0, 0, 4;
    %assign/vec4 v0x55bad0fa4fb0_0, 0;
    %delay 864000, 0;
    %jmp T_0;
    .thread T_0;
    .scope S_0x55bad0f91050;
T_1 ;
    %wait E_0x55bad0fc8540;
    %delay 600, 0;
    %load/vec4 v0x55bad0fa4fb0_0;
    %addi 1, 0, 4;
    %assign/vec4 v0x55bad0fa4fb0_0, 0;
    %pushi/vec4 8, 0, 32;
    %load/vec4 v0x55bad0fa4fb0_0;
    %pad/u 32;
    %cmp/u;
    %jmp/0xz  T_1.0, 5;
    %pushi/vec4 0, 0, 4;
    %assign/vec4 v0x55bad0fa4fb0_0, 0;
T_1.0 ;
    %jmp T_1;
    .thread T_1;
    .scope S_0x55bad0f91050;
T_2 ;
    %wait E_0x55bad0fc8540;
    %delay 6000, 0;
    %load/vec4 v0x55bad0fa4840_0;
    %addi 1, 0, 4;
    %assign/vec4 v0x55bad0fa4840_0, 0;
    %pushi/vec4 4, 0, 32;
    %load/vec4 v0x55bad0fa4840_0;
    %pad/u 32;
    %cmp/u;
    %jmp/0xz  T_2.0, 5;
    %pushi/vec4 0, 0, 4;
    %assign/vec4 v0x55bad0fa4840_0, 0;
T_2.0 ;
    %jmp T_2;
    .thread T_2;
    .scope S_0x55bad0f91050;
T_3 ;
    %wait E_0x55bad0fc8540;
    %delay 36000, 0;
    %load/vec4 v0x55bad0fa4100_0;
    %addi 1, 0, 4;
    %assign/vec4 v0x55bad0fa4100_0, 0;
    %pushi/vec4 8, 0, 32;
    %load/vec4 v0x55bad0fa4100_0;
    %pad/u 32;
    %cmp/u;
    %jmp/0xz  T_3.0, 5;
    %pushi/vec4 0, 0, 4;
    %assign/vec4 v0x55bad0fa4100_0, 0;
T_3.0 ;
    %jmp T_3;
    .thread T_3;
    .scope S_0x55bad0f91050;
T_4 ;
    %wait E_0x55bad0fc8540;
    %delay 360000, 0;
    %load/vec4 v0x55bad0fa39e0_0;
    %addi 1, 0, 4;
    %assign/vec4 v0x55bad0fa39e0_0, 0;
    %jmp T_4;
    .thread T_4;
    .scope S_0x55bad0fa6240;
T_5 ;
    %delay 10, 0;
    %load/vec4 v0x55bad0fdcb00_0;
    %inv;
    %store/vec4 v0x55bad0fdcb00_0, 0, 1;
    %jmp T_5;
    .thread T_5;
    .scope S_0x55bad0fa6240;
T_6 ;
    %vpi_call 2 13 "$dumpfile", "dump.vcd" {0 0 0};
    %vpi_call 2 14 "$dumpvars" {0 0 0};
    %pushi/vec4 0, 0, 1;
    %store/vec4 v0x55bad0fdcb00_0, 0, 1;
    %delay 900000, 0;
    %vpi_call 2 17 "$finish" {0 0 0};
    %end;
    .thread T_6;
# The file index is used to find the file name in the following table.
:file_names 4;
    "N/A";
    "<interactive>";
    "t_Clock.v";
    "Clock.v";
